<?xml version="1.0" encoding="UTF-8"?>
<!-- Generated by org.testng.reporters.JUnitReportReporter -->
<testsuite hostname="DESKTOP-RS021I0" failures="0" tests="1" name="TestCases.LoginTest" time="29.275" errors="0" timestamp="2024-03-14T13:03:12 IST" skipped="0">
  <testcase classname="TestCases.LoginTest" name="verifyLoginWithValidCred" time="29.275"/>
  <system-out/>
</testsuite> <!-- TestCases.LoginTest -->
